<?xml version="1.0" encoding="UTF-8"?>
<!-- Generated by org.testng.reporters.JUnitReportReporter -->
<testsuite skipped="0" hostname="QPaaSICNL9650" name="runner.AppiumTest" tests="1" failures="0" timestamp="14 Feb 2018 11:51:49 GMT" time="66.649" errors="0">
  <testcase name="validateProductCheckout" time="66.649" classname="runner.AppiumTest"/>
</testsuite> <!-- runner.AppiumTest -->
