<?xml version="1.0" encoding="UTF-8"?>
<!-- Generated by org.testng.reporters.JUnitReportReporter -->
<testsuite skipped="0" hostname="QPaaSICNL9650" name="scenarios.AppiumTest" tests="1" failures="0" timestamp="13 Feb 2018 04:46:40 GMT" time="23.856" errors="0">
  <testcase name="signIn" time="23.856" classname="scenarios.AppiumTest"/>
</testsuite> <!-- scenarios.AppiumTest -->
