<?xml version="1.0" encoding="UTF-8"?>
<!-- Generated by org.testng.reporters.JUnitReportReporter -->
<testsuite skipped="0" hostname="QPaaSICNL9650" name="scenarios.AppiumTest" tests="1" failures="0" timestamp="14 Feb 2018 07:30:33 GMT" time="57.487" errors="0">
  <testcase name="signIn" time="57.487" classname="scenarios.AppiumTest"/>
</testsuite> <!-- scenarios.AppiumTest -->
